<?xml version="1.0" encoding="UTF-8"?>
<!-- Generated by org.testng.reporters.JUnitReportReporter -->
<testsuite skipped="0" hostname="DESKTOP-MQU4OEB" name="in.Amazon.Comparingprices" tests="1" failures="0" timestamp="16 Jan 2020 09:53:24 GMT" time="31.175" errors="0">
  <testcase name="camginName" time="31.175" classname="in.Amazon.Comparingprices"/>
</testsuite> <!-- in.Amazon.Comparingprices -->
