<?xml version="1.0" encoding="UTF-8"?>
<!-- Generated by org.testng.reporters.JUnitReportReporter -->
<testsuite skipped="0" hostname="DESKTOP-MQU4OEB" name="assignment2Test.TripadvisorTest" tests="1" failures="0" timestamp="16 Jan 2020 13:20:14 GMT" time="50.452" errors="0">
  <testcase name="verifyingTripAdvisor" time="50.452" classname="assignment2Test.TripadvisorTest"/>
</testsuite> <!-- assignment2Test.TripadvisorTest -->
