<?xml version="1.0" encoding="UTF-8"?>
<!-- Generated by org.testng.reporters.JUnitReportReporter -->
<testsuite skipped="0" hostname="DESKTOP-MQU4OEB" name="in.Amazon.AmazonTest" tests="1" failures="0" timestamp="16 Jan 2020 09:41:41 GMT" time="34.984" errors="0">
  <testcase name="camginName" time="34.984" classname="in.Amazon.AmazonTest"/>
</testsuite> <!-- in.Amazon.AmazonTest -->
